<?xml version="1.0" encoding="UTF-8"?>
<!-- Generated by org.testng.reporters.JUnitXMLReporter -->
<testsuite ignored="0" hostname="PF4WCFEW" failures="1" tests="2" name="Negative_ErrorValidationTest" time="67.443" errors="0" timestamp="2025-04-16T17:39:02 IST">
  <testcase classname="tests.ErrorValidationTest" name="IncorrectUserName_SubmitOrder" time="2.485">
    <skipped/>
  </testcase> <!-- IncorrectUserName_SubmitOrder -->
  <testcase classname="tests.ErrorValidationTest" name="IncorrectUserName_SubmitOrder" time="0.71">
    <failure type="java.lang.AssertionError" message="expected [Incorrect email password.] but found [Incorrect email or password.]">
      <![CDATA[java.lang.AssertionError: expected [Incorrect email password.] but found [Incorrect email or password.]
at tests.ErrorValidationTest.IncorrectUserName_SubmitOrder(ErrorValidationTest.java:51)
at java.base/java.util.concurrent.Executors$RunnableAdapter.call(Executors.java:572)
at java.base/java.util.concurrent.FutureTask.run(FutureTask.java:317)
at java.base/java.util.concurrent.ThreadPoolExecutor.runWorker(ThreadPoolExecutor.java:1144)
at java.base/java.util.concurrent.ThreadPoolExecutor$Worker.run(ThreadPoolExecutor.java:642)
at java.base/java.lang.Thread.run(Thread.java:1583)
... Removed 17 stack frames]]>
    </failure>
  </testcase> <!-- IncorrectUserName_SubmitOrder -->
</testsuite> <!-- Negative_ErrorValidationTest -->
