<?xml version="1.0" encoding="UTF-8"?>
<!-- Generated by org.testng.reporters.JUnitXMLReporter -->
<testsuite ignored="0" hostname="PF4WCFEW" failures="0" tests="3" name="Positive_SubmitOrderTest" time="82.832" errors="0" timestamp="2025-04-16T12:54:50 IST">
  <testcase classname="tests.SubmitOrderTest" name="SubmitOrder" time="17.5"/>
  <testcase classname="tests.SubmitOrderTest" name="SubmitOrder" time="17.273"/>
  <testcase classname="tests.SubmitOrderTest" name="OrderHistory" time="0.993"/>
</testsuite> <!-- Positive_SubmitOrderTest -->
