<?xml version="1.0" encoding="UTF-8"?>
<!-- Generated by org.testng.reporters.JUnitXMLReporter -->
<testsuite ignored="0" hostname="PF4WCFEW" failures="1" tests="2" name="Negative_ErrorValidationTest" time="27.987" errors="0" timestamp="2025-04-24T12:14:04 IST">
  <testcase classname="tests.ErrorValidationTest" name="IncorrectUserName_SubmitOrder" time="0.732">
    <skipped/>
  </testcase> <!-- IncorrectUserName_SubmitOrder -->
  <testcase classname="tests.ErrorValidationTest" name="IncorrectUserName_SubmitOrder" time="1.164">
    <failure type="java.lang.AssertionError" message="expected [Incorrect email password.] but found [Incorrect email or password.]">
      <![CDATA[java.lang.AssertionError: expected [Incorrect email password.] but found [Incorrect email or password.]
at tests.ErrorValidationTest.IncorrectUserName_SubmitOrder(ErrorValidationTest.java:51)
at java.base/java.util.concurrent.Executors$RunnableAdapter.call(Executors.java:539)
at java.base/java.util.concurrent.FutureTask.run(FutureTask.java:264)
at java.base/java.util.concurrent.ThreadPoolExecutor.runWorker(ThreadPoolExecutor.java:1136)
at java.base/java.util.concurrent.ThreadPoolExecutor$Worker.run(ThreadPoolExecutor.java:635)
at java.base/java.lang.Thread.run(Thread.java:842)
... Removed 19 stack frames]]>
    </failure>
  </testcase> <!-- IncorrectUserName_SubmitOrder -->
</testsuite> <!-- Negative_ErrorValidationTest -->
