<?xml version="1.0" encoding="UTF-8"?>
<!-- Generated by org.testng.reporters.JUnitXMLReporter -->
<testsuite ignored="0" hostname="PF4WCFEW" failures="0" tests="3" name="Positive_SubmitOrderTest" time="127.756" errors="0" timestamp="2025-04-17T12:14:15 IST">
  <testcase classname="tests.SubmitOrderTest" name="SubmitOrder" time="23.602"/>
  <testcase classname="tests.SubmitOrderTest" name="SubmitOrder" time="17.648"/>
  <testcase classname="tests.SubmitOrderTest" name="OrderHistory" time="1.364"/>
</testsuite> <!-- Positive_SubmitOrderTest -->
