<?xml version="1.0" encoding="UTF-8"?>
<!-- Generated by org.testng.reporters.JUnitXMLReporter -->
<testsuite ignored="0" hostname="PF4WCFEW" failures="0" tests="3" name="Positive_SubmitOrderTest" time="85.453" errors="0" timestamp="2025-04-24T12:13:36 IST">
  <testcase classname="tests.SubmitOrderTest" name="SubmitOrder" time="17.841"/>
  <testcase classname="tests.SubmitOrderTest" name="SubmitOrder" time="17.557"/>
  <testcase classname="tests.SubmitOrderTest" name="OrderHistory" time="0.982"/>
</testsuite> <!-- Positive_SubmitOrderTest -->
