<?xml version="1.0" encoding="UTF-8"?>
<testng-results ignored="0" total="2" passed="2" failed="0" skipped="0">
  <reporter-output>
  </reporter-output>
  <suite started-at="2025-05-03T11:17:13 IST" name="Suite" finished-at="2025-05-03T11:17:54 IST" duration-ms="40323">
    <groups>
    </groups>
    <test started-at="2025-05-03T11:17:13 IST" name="Negative_ErrorValidationTest" finished-at="2025-05-03T11:17:34 IST" duration-ms="20498">
      <class name="tests.RSATest">
        <test-method is-config="true" signature="launchApplication()[pri:0, instance:tests.RSATest@4fa1c212]" started-at="2025-05-03T11:17:13 IST" name="launchApplication" finished-at="2025-05-03T11:17:19 IST" duration-ms="5809" status="PASS">
          <reporter-output>
          </reporter-output>
        </test-method> <!-- launchApplication -->
        <test-method signature="HomePageRSA()[pri:0, instance:tests.RSATest@4fa1c212]" started-at="2025-05-03T11:17:19 IST" name="HomePageRSA" finished-at="2025-05-03T11:17:26 IST" duration-ms="6593" status="PASS">
          <reporter-output>
          </reporter-output>
        </test-method> <!-- HomePageRSA -->
        <test-method is-config="true" signature="teardown()[pri:0, instance:tests.RSATest@4fa1c212]" started-at="2025-05-03T11:17:26 IST" name="teardown" finished-at="2025-05-03T11:17:34 IST" duration-ms="8025" status="PASS">
          <reporter-output>
          </reporter-output>
        </test-method> <!-- teardown -->
      </class> <!-- tests.RSATest -->
    </test> <!-- Negative_ErrorValidationTest -->
    <test started-at="2025-05-03T11:17:34 IST" name="Positive_SubmitOrderTest" finished-at="2025-05-03T11:17:54 IST" duration-ms="19181">
      <class name="tests.GoogleTest">
        <test-method is-config="true" signature="launchApplication()[pri:0, instance:tests.GoogleTest@1722011b]" started-at="2025-05-03T11:17:34 IST" name="launchApplication" finished-at="2025-05-03T11:17:41 IST" duration-ms="6989" status="PASS">
          <reporter-output>
          </reporter-output>
        </test-method> <!-- launchApplication -->
        <test-method signature="HomePageGOOGLE()[pri:0, instance:tests.GoogleTest@1722011b]" started-at="2025-05-03T11:17:41 IST" name="HomePageGOOGLE" finished-at="2025-05-03T11:17:46 IST" duration-ms="4168" status="PASS">
          <reporter-output>
          </reporter-output>
        </test-method> <!-- HomePageGOOGLE -->
        <test-method is-config="true" signature="teardown()[pri:0, instance:tests.GoogleTest@1722011b]" started-at="2025-05-03T11:17:46 IST" name="teardown" finished-at="2025-05-03T11:17:54 IST" duration-ms="8014" status="PASS">
          <reporter-output>
          </reporter-output>
        </test-method> <!-- teardown -->
      </class> <!-- tests.GoogleTest -->
    </test> <!-- Positive_SubmitOrderTest -->
  </suite> <!-- Suite -->
</testng-results>
